<?xml version="1.0" encoding="UTF-8"?>
<!-- Generated by org.testng.reporters.JUnitXMLReporter -->
<testsuite ignored="0" hostname="IB-Pune-LAP-329" failures="1" tests="1" name="Pixle 4" time="78.091" errors="0" timestamp="2023-07-21T11:24:00 IST">
  <testcase classname="com.Appium.testcase.TestCases" name="Test" time="33.424">
    <failure type="java.lang.ClassCastException" message="class jdk.proxy2.$Proxy23 cannot be cast to class org.openqa.selenium.remote.RemoteWebElement (jdk.proxy2.$Proxy23 is in module jdk.proxy2 of loader &amp;apos;app&amp;apos;; org.openqa.selenium.remote.RemoteWebElement is in unnamed module of loader &amp;apos;app&amp;apos;)">
      <![CDATA[java.lang.ClassCastException: class jdk.proxy2.$Proxy23 cannot be cast to class org.openqa.selenium.remote.RemoteWebElement (jdk.proxy2.$Proxy23 is in module jdk.proxy2 of loader 'app'; org.openqa.selenium.remote.RemoteWebElement is in unnamed module of loader 'app')
at comAppium.uitility.Baseclass.swipeGesture(Baseclass.java:161)
at com.Appium.pageobject.RegisterPage.registerUser(RegisterPage.java:59)
at com.Appium.testcase.TestCases.Test(TestCases.java:28)
at java.base/java.util.ArrayList.forEach(ArrayList.java:1511)
... Removed 27 stack frames]]>
    </failure>
  </testcase> <!-- Test -->
</testsuite> <!-- Pixle 4 -->
