<?xml version="1.0" encoding="UTF-8"?>
<testng-results ignored="0" total="1" passed="0" failed="1" skipped="0">
  <reporter-output>
  </reporter-output>
  <suite started-at="2023-07-21T11:22:42 IST" name="Digital Codes Android Mobile" finished-at="2023-07-21T11:24:00 IST" duration-ms="78091">
    <groups>
    </groups>
    <test started-at="2023-07-21T11:22:42 IST" name="Pixle 4" finished-at="2023-07-21T11:24:00 IST" duration-ms="78091">
      <class name="com.Appium.testcase.TestCases">
        <test-method is-config="true" signature="beforeSuite(java.lang.String,java.lang.String)[pri:0, instance:com.Appium.testcase.TestCases@dc7b462]" started-at="2023-07-21T11:22:34 IST" name="beforeSuite" finished-at="2023-07-21T11:22:42 IST" duration-ms="7616" status="PASS">
          <params>
            <param index="0">
              <value>
                <![CDATA[0.0.0.0]]>
              </value>
            </param>
            <param index="1">
              <value>
                <![CDATA[4723]]>
              </value>
            </param>
          </params>
          <reporter-output>
          </reporter-output>
        </test-method> <!-- beforeSuite -->
        <test-method is-config="true" signature="beforeTest(java.lang.String,java.lang.String)[pri:0, instance:com.Appium.testcase.TestCases@dc7b462]" started-at="2023-07-21T11:22:42 IST" name="beforeTest" finished-at="2023-07-21T11:23:26 IST" duration-ms="43967" status="PASS">
          <params>
            <param index="0">
              <value>
                <![CDATA[Pixel 4]]>
              </value>
            </param>
            <param index="1">
              <value>
                <![CDATA[10]]>
              </value>
            </param>
          </params>
          <reporter-output>
          </reporter-output>
        </test-method> <!-- beforeTest -->
        <test-method signature="Test()[pri:1, instance:com.Appium.testcase.TestCases@dc7b462]" started-at="2023-07-21T11:23:26 IST" name="Test" finished-at="2023-07-21T11:23:59 IST" duration-ms="33424" status="FAIL">
          <exception class="java.lang.ClassCastException">
            <message>
              <![CDATA[class jdk.proxy2.$Proxy23 cannot be cast to class org.openqa.selenium.remote.RemoteWebElement (jdk.proxy2.$Proxy23 is in module jdk.proxy2 of loader 'app'; org.openqa.selenium.remote.RemoteWebElement is in unnamed module of loader 'app')]]>
            </message>
            <full-stacktrace>
              <![CDATA[java.lang.ClassCastException: class jdk.proxy2.$Proxy23 cannot be cast to class org.openqa.selenium.remote.RemoteWebElement (jdk.proxy2.$Proxy23 is in module jdk.proxy2 of loader 'app'; org.openqa.selenium.remote.RemoteWebElement is in unnamed module of loader 'app')
at comAppium.uitility.Baseclass.swipeGesture(Baseclass.java:161)
at com.Appium.pageobject.RegisterPage.registerUser(RegisterPage.java:59)
at com.Appium.testcase.TestCases.Test(TestCases.java:28)
at java.base/jdk.internal.reflect.NativeMethodAccessorImpl.invoke0(Native Method)
at java.base/jdk.internal.reflect.NativeMethodAccessorImpl.invoke(NativeMethodAccessorImpl.java:77)
at java.base/jdk.internal.reflect.DelegatingMethodAccessorImpl.invoke(DelegatingMethodAccessorImpl.java:43)
at java.base/java.lang.reflect.Method.invoke(Method.java:568)
at org.testng.internal.MethodInvocationHelper.invokeMethod(MethodInvocationHelper.java:133)
at org.testng.internal.TestInvoker.invokeMethod(TestInvoker.java:598)
at org.testng.internal.TestInvoker.invokeTestMethod(TestInvoker.java:173)
at org.testng.internal.MethodRunner.runInSequence(MethodRunner.java:46)
at org.testng.internal.TestInvoker$MethodInvocationAgent.invoke(TestInvoker.java:824)
at org.testng.internal.TestInvoker.invokeTestMethods(TestInvoker.java:146)
at org.testng.internal.TestMethodWorker.invokeTestMethods(TestMethodWorker.java:146)
at org.testng.internal.TestMethodWorker.run(TestMethodWorker.java:128)
at java.base/java.util.ArrayList.forEach(ArrayList.java:1511)
at org.testng.TestRunner.privateRun(TestRunner.java:794)
at org.testng.TestRunner.run(TestRunner.java:596)
at org.testng.SuiteRunner.runTest(SuiteRunner.java:377)
at org.testng.SuiteRunner.runSequentially(SuiteRunner.java:371)
at org.testng.SuiteRunner.privateRun(SuiteRunner.java:332)
at org.testng.SuiteRunner.run(SuiteRunner.java:276)
at org.testng.SuiteRunnerWorker.runSuite(SuiteRunnerWorker.java:53)
at org.testng.SuiteRunnerWorker.run(SuiteRunnerWorker.java:96)
at org.testng.TestNG.runSuitesSequentially(TestNG.java:1212)
at org.testng.TestNG.runSuitesLocally(TestNG.java:1134)
at org.testng.TestNG.runSuites(TestNG.java:1063)
at org.testng.TestNG.run(TestNG.java:1031)
at org.testng.remote.AbstractRemoteTestNG.run(AbstractRemoteTestNG.java:115)
at org.testng.remote.RemoteTestNG.initAndRun(RemoteTestNG.java:251)
at org.testng.remote.RemoteTestNG.main(RemoteTestNG.java:77)
]]>
            </full-stacktrace>
          </exception> <!-- java.lang.ClassCastException -->
          <reporter-output>
          </reporter-output>
        </test-method> <!-- Test -->
        <test-method is-config="true" signature="afterSuite()[pri:0, instance:com.Appium.testcase.TestCases@dc7b462]" started-at="2023-07-21T11:24:00 IST" name="afterSuite" finished-at="2023-07-21T11:24:00 IST" duration-ms="63" status="PASS">
          <reporter-output>
          </reporter-output>
        </test-method> <!-- afterSuite -->
      </class> <!-- com.Appium.testcase.TestCases -->
    </test> <!-- Pixle 4 -->
  </suite> <!-- Digital Codes Android Mobile -->
</testng-results>
